â¯ make install 2>../make_install.log 1>&2
/bin/sh ./support/mkinstalldirs /opt/readline/include \
	/opt/readline/include/readline /opt/readline/lib \
	/opt/readline/share/info /opt/readline/share/man/man3 /opt/readline/share/doc/readline \
	/opt/readline/lib/pkgconfig
mkdir -p -- /opt/readline/include /opt/readline/include/readline /opt/readline/lib /opt/readline/share/info /opt/readline/share/man/man3 /opt/readline/share/doc/readline /opt/readline/lib/pkgconfig
for f in readline.h chardefs.h keymaps.h history.h tilde.h rlstdc.h rlconf.h rltypedefs.h; do \
	/usr/bin/install -c -m 644 ./$f /opt/readline/include/readline ; \
done
/usr/bin/install -c -m 644 ./CHANGES ./INSTALL ./README /opt/readline/share/doc/readline
( if test -d doc ; then \
	cd doc && \
	make  infodir=/opt/readline/share/info DESTDIR= install; \
  fi )
make[1]: Entering directory '/opt/readline/archive/source/readline-8.0/doc'
/bin/sh ../support/mkdirs /opt/readline/share/info /opt/readline/share/man/man3
if test -n "" ; then \
	/bin/sh ../support/mkdirs  ; \
fi
if test -f readline.info; then \
	/usr/bin/install -c -m 644 readline.info /opt/readline/share/info/readline.info; \
else \
	/usr/bin/install -c -m 644 ./readline.info /opt/readline/share/info/readline.info; \
fi
if test -f rluserman.info; then \
	/usr/bin/install -c -m 644 rluserman.info /opt/readline/share/info/rluserman.info; \
else \
	/usr/bin/install -c -m 644 ./rluserman.info /opt/readline/share/info/rluserman.info; \
fi
if test -f history.info; then \
	/usr/bin/install -c -m 644 history.info /opt/readline/share/info/history.info; \
else \
	/usr/bin/install -c -m 644 ./history.info /opt/readline/share/info/history.info; \
fi
if /bin/sh -c 'install-info --version' >/dev/null 2>&1; then \
	install-info --dir-file=/opt/readline/share/info/dir \
		/opt/readline/share/info/readline.info ; \
	install-info --dir-file=/opt/readline/share/info/dir \
		/opt/readline/share/info/history.info ; \
	install-info --dir-file=/opt/readline/share/info/dir \
		/opt/readline/share/info/rluserman.info ; \
else true; fi
/usr/bin/install -c -m 644 ./readline.3 /opt/readline/share/man/man3/readline.3
/usr/bin/install -c -m 644 ./history.3 /opt/readline/share/man/man3/history.3
if test -n "" ; then \
	if test -f readline.html; then \
		/usr/bin/install -c -m 644 readline.html /readline.html; \
	else \
		/usr/bin/install -c -m 644 ./readline.html /readline.html; \
	fi ; \
	if test -f history.html; then \
		/usr/bin/install -c -m 644 history.html /history.html; \
	else \
		/usr/bin/install -c -m 644 ./history.html /history.html; \
	fi ; \
	if test -f rluserman.html; then \
		/usr/bin/install -c -m 644 rluserman.html /rluserman.html; \
	else \
		/usr/bin/install -c -m 644 ./rluserman.html /rluserman.html; \
	fi ; \
fi
make[1]: Leaving directory '/opt/readline/archive/source/readline-8.0/doc'
( cd examples ; make  DESTDIR= install )
make[1]: Entering directory '/opt/readline/archive/source/readline-8.0/examples'
/bin/sh ../support/mkdirs /opt/readline/share/readline
mkdir /opt/readline/share/readline
/usr/bin/install: cannot stat './rltest2.c': No such file or directory
make[1]: Leaving directory '/opt/readline/archive/source/readline-8.0/examples'
/usr/bin/install -c -m 644 /opt/readline/archive/source/readline-8.0/readline.pc /opt/readline/lib/pkgconfig/readline.pc
mv /opt/readline/lib/libreadline.a /opt/readline/lib/libreadline.old
mv: cannot stat '/opt/readline/lib/libreadline.a': No such file or directory
make: [Makefile:254: install-static] Error 1 (ignored)
/usr/bin/install -c -m 644 libreadline.a /opt/readline/lib/libreadline.a
test -n "ranlib" && ranlib /opt/readline/lib/libreadline.a
mv /opt/readline/lib/libhistory.a /opt/readline/lib/libhistory.old
mv: cannot stat '/opt/readline/lib/libhistory.a': No such file or directory
make: [Makefile:257: install-static] Error 1 (ignored)
/usr/bin/install -c -m 644 libhistory.a /opt/readline/lib/libhistory.a
test -n "ranlib" && ranlib /opt/readline/lib/libhistory.a
test -d shlib || mkdir shlib
( cd shlib ; make  all )
make[1]: Entering directory '/opt/readline/archive/source/readline-8.0/shlib'
make[1]: Nothing to be done for 'all'.
make[1]: Leaving directory '/opt/readline/archive/source/readline-8.0/shlib'
( cd shlib ; make  DESTDIR= install )
make[1]: Entering directory '/opt/readline/archive/source/readline-8.0/shlib'
/bin/sh ../support/mkdirs /opt/readline/lib
/bin/sh ../support/mkdirs /opt/readline/bin
mkdir /opt/readline/bin
/bin/sh ../support/shlib-install -O linux-gnu -V pc -d /opt/readline/lib -b /opt/readline/bin -i "/usr/bin/install -c -m 644" libhistory.so.8.0
/bin/sh ../support/shlib-install -O linux-gnu -V pc -d /opt/readline/lib -b /opt/readline/bin -i "/usr/bin/install -c -m 644" libreadline.so.8.0
install: you may need to run ldconfig
make[1]: Leaving directory '/opt/readline/archive/source/readline-8.0/shlib'
